app/build/intermediates/manifest_merge_blame_file/debug/manifest-merger-blame-debug-report.txt
1<?xml version="1.0" encoding="utf-8"?>
2<manifest xmlns:android="http://schemas.android.com/apk/res/android"
3    package="com.nttdata.nytimesapp"
4    android:versionCode="1"
5    android:versionName="1.0" >
6
7    <uses-sdk
8        android:minSdkVersion="30"
8-->src/main/AndroidManifest.xml
9        android:targetSdkVersion="33" />
9-->src/main/AndroidManifest.xml
10
11    <uses-feature android:name="android.hardware.type.watch" />
11-->src/main/AndroidManifest.xml:5:5-64
11-->src/main/AndroidManifest.xml:5:19-61
12
13    <uses-permission android:name="android.permission.WAKE_LOCK" />
13-->[:presentation] AndroidManifest.xml:8:5-68
13-->[:presentation] AndroidManifest.xml:8:22-65
14    <uses-permission android:name="android.permission.INTERNET" />
14-->[:presentation] AndroidManifest.xml:9:5-67
14-->[:presentation] AndroidManifest.xml:9:22-64
15    <uses-permission android:name="com.google.android.wearable.permission.BIND_TILE_PROVIDER" />
15-->[:presentation] AndroidManifest.xml:10:5-97
15-->[:presentation] AndroidManifest.xml:10:22-94
16    <uses-permission android:name="android.permission.ACCESS_NETWORK_STATE" />
16-->[com.rocket.android.core:core-data-network:0.0-beta0] AndroidManifest.xml:10:5-79
16-->[com.rocket.android.core:core-data-network:0.0-beta0] AndroidManifest.xml:10:22-76
17
18    <permission
18-->[androidx.core:core:1.9.0] AndroidManifest.xml:22:5-24:47
19        android:name="com.nttdata.nytimesapp.DYNAMIC_RECEIVER_NOT_EXPORTED_PERMISSION"
19-->[androidx.core:core:1.9.0] AndroidManifest.xml:23:9-81
20        android:protectionLevel="signature" />
20-->[androidx.core:core:1.9.0] AndroidManifest.xml:24:9-44
21
22    <uses-permission android:name="com.nttdata.nytimesapp.DYNAMIC_RECEIVER_NOT_EXPORTED_PERMISSION" />
22-->[androidx.core:core:1.9.0] AndroidManifest.xml:26:5-97
22-->[androidx.core:core:1.9.0] AndroidManifest.xml:26:22-94
23
24    <queries>
24-->[androidx.wear.tiles:tiles:1.0.0] AndroidManifest.xml:9:5-13:15
25        <intent>
25-->[androidx.wear.tiles:tiles:1.0.0] AndroidManifest.xml:10:9-12:18
26            <action android:name="androidx.wear.tiles.action.BIND_UPDATE_REQUESTER" />
26-->[androidx.wear.tiles:tiles:1.0.0] AndroidManifest.xml:11:13-87
26-->[androidx.wear.tiles:tiles:1.0.0] AndroidManifest.xml:11:21-84
27        </intent>
28    </queries>
29
30    <application
30-->src/main/AndroidManifest.xml:7:5-18:19
31        android:name="com.nttdata.nytimesapp.presentation.App"
31-->src/main/AndroidManifest.xml:8:9-41
32        android:allowBackup="true"
32-->src/main/AndroidManifest.xml:9:9-35
33        android:appComponentFactory="androidx.core.app.CoreComponentFactory"
33-->[androidx.core:core:1.9.0] AndroidManifest.xml:28:18-86
34        android:debuggable="true"
35        android:extractNativeLibs="false"
36        android:hardwareAccelerated="false"
36-->src/main/AndroidManifest.xml:16:9-44
37        android:icon="@mipmap/ic_laucher"
37-->src/main/AndroidManifest.xml:10:9-42
38        android:label="@string/app_name"
38-->src/main/AndroidManifest.xml:11:9-41
39        android:largeHeap="true"
39-->src/main/AndroidManifest.xml:17:9-33
40        android:roundIcon="@mipmap/ic_laucher"
40-->src/main/AndroidManifest.xml:12:9-47
41        android:supportsRtl="true"
41-->src/main/AndroidManifest.xml:13:9-35
42        android:testOnly="true"
43        android:theme="@android:style/Theme.DeviceDefault" >
43-->src/main/AndroidManifest.xml:14:9-59
44        <uses-library
44-->[:presentation] AndroidManifest.xml:15:9-17:39
45            android:name="com.google.android.wearable"
45-->[:presentation] AndroidManifest.xml:16:13-55
46            android:required="true" />
46-->[:presentation] AndroidManifest.xml:17:13-36
47        <!--
48               Set to true if your app is Standalone, that is, it does not require the handheld
49               app to run.
50        -->
51        <meta-data
51-->[:presentation] AndroidManifest.xml:23:9-25:36
52            android:name="com.google.android.wearable.standalone"
52-->[:presentation] AndroidManifest.xml:24:13-66
53            android:value="true" />
53-->[:presentation] AndroidManifest.xml:25:13-33
54
55        <activity
55-->[:presentation] AndroidManifest.xml:27:9-41:20
56            android:name="com.nttdata.presentation.MainActivity"
56-->[:presentation] AndroidManifest.xml:28:13-65
57            android:exported="true"
57-->[:presentation] AndroidManifest.xml:29:13-36
58            android:label="@string/app_name"
58-->[:presentation] AndroidManifest.xml:30:13-45
59            android:theme="@android:style/Theme.DeviceDefault" >
59-->[:presentation] AndroidManifest.xml:31:13-63
60            <intent-filter>
60-->[:presentation] AndroidManifest.xml:32:13-36:29
61                <action android:name="android.intent.action.MAIN" />
61-->[:presentation] AndroidManifest.xml:33:17-69
61-->[:presentation] AndroidManifest.xml:33:25-66
62
63                <category android:name="android.intent.category.LAUNCHER" />
63-->[:presentation] AndroidManifest.xml:35:17-77
63-->[:presentation] AndroidManifest.xml:35:27-74
64            </intent-filter>
65
66            <meta-data
66-->[:presentation] AndroidManifest.xml:38:13-40:36
67                android:name="android.app.lib_name"
67-->[:presentation] AndroidManifest.xml:39:17-52
68                android:value="" />
68-->[:presentation] AndroidManifest.xml:40:17-33
69        </activity>
70
71        <service
71-->[:presentation] AndroidManifest.xml:43:9-52:19
72            android:name="com.nttdata.presentation.ui.tile.TopNewsTileService"
72-->[:presentation] AndroidManifest.xml:44:13-79
73            android:description="@string/live_news"
73-->[:presentation] AndroidManifest.xml:45:13-52
74            android:exported="true"
74-->[:presentation] AndroidManifest.xml:46:13-36
75            android:label="@string/live_news"
75-->[:presentation] AndroidManifest.xml:47:13-46
76            android:permission="com.google.android.wearable.permission.BIND_TILE_PROVIDER" >
76-->[:presentation] AndroidManifest.xml:48:13-91
77            <intent-filter>
77-->[:presentation] AndroidManifest.xml:49:13-51:29
78                <action android:name="androidx.wear.tiles.action.BIND_TILE_PROVIDER" />
78-->[:presentation] AndroidManifest.xml:50:17-88
78-->[:presentation] AndroidManifest.xml:50:25-85
79            </intent-filter>
80        </service>
81
82        <activity
82-->[androidx.compose.ui:ui-tooling:1.3.2] AndroidManifest.xml:23:9-25:39
83            android:name="androidx.compose.ui.tooling.PreviewActivity"
83-->[androidx.compose.ui:ui-tooling:1.3.2] AndroidManifest.xml:24:13-71
84            android:exported="true" />
84-->[androidx.compose.ui:ui-tooling:1.3.2] AndroidManifest.xml:25:13-36
85        <activity
85-->[androidx.glance:glance-appwidget:1.0.0-alpha05] AndroidManifest.xml:23:9-26:40
86            android:name="androidx.glance.appwidget.action.ActionTrampolineActivity"
86-->[androidx.glance:glance-appwidget:1.0.0-alpha05] AndroidManifest.xml:24:13-85
87            android:enabled="true"
87-->[androidx.glance:glance-appwidget:1.0.0-alpha05] AndroidManifest.xml:25:13-35
88            android:exported="false" />
88-->[androidx.glance:glance-appwidget:1.0.0-alpha05] AndroidManifest.xml:26:13-37
89        <activity
89-->[androidx.glance:glance-appwidget:1.0.0-alpha05] AndroidManifest.xml:27:9-34:81
90            android:name="androidx.glance.appwidget.action.InvisibleActionTrampolineActivity"
90-->[androidx.glance:glance-appwidget:1.0.0-alpha05] AndroidManifest.xml:28:13-94
91            android:enabled="true"
91-->[androidx.glance:glance-appwidget:1.0.0-alpha05] AndroidManifest.xml:29:13-35
92            android:exported="false"
92-->[androidx.glance:glance-appwidget:1.0.0-alpha05] AndroidManifest.xml:30:13-37
93            android:launchMode="singleInstance"
93-->[androidx.glance:glance-appwidget:1.0.0-alpha05] AndroidManifest.xml:31:13-48
94            android:noHistory="true"
94-->[androidx.glance:glance-appwidget:1.0.0-alpha05] AndroidManifest.xml:32:13-37
95            android:taskAffinity="androidx.glance.appwidget.ListAdapterCallbackTrampoline"
95-->[androidx.glance:glance-appwidget:1.0.0-alpha05] AndroidManifest.xml:33:13-91
96            android:theme="@style/Widget.Glance.AppWidget.CallbackTrampoline" />
96-->[androidx.glance:glance-appwidget:1.0.0-alpha05] AndroidManifest.xml:34:13-78
97
98        <receiver
98-->[androidx.glance:glance-appwidget:1.0.0-alpha05] AndroidManifest.xml:36:9-39:40
99            android:name="androidx.glance.appwidget.action.ActionCallbackBroadcastReceiver"
99-->[androidx.glance:glance-appwidget:1.0.0-alpha05] AndroidManifest.xml:37:13-92
100            android:enabled="true"
100-->[androidx.glance:glance-appwidget:1.0.0-alpha05] AndroidManifest.xml:38:13-35
101            android:exported="false" />
101-->[androidx.glance:glance-appwidget:1.0.0-alpha05] AndroidManifest.xml:39:13-37
102        <receiver
102-->[androidx.glance:glance-appwidget:1.0.0-alpha05] AndroidManifest.xml:40:9-47:20
103            android:name="androidx.glance.appwidget.MyPackageReplacedReceiver"
103-->[androidx.glance:glance-appwidget:1.0.0-alpha05] AndroidManifest.xml:41:13-79
104            android:enabled="true"
104-->[androidx.glance:glance-appwidget:1.0.0-alpha05] AndroidManifest.xml:42:13-35
105            android:exported="false" >
105-->[androidx.glance:glance-appwidget:1.0.0-alpha05] AndroidManifest.xml:43:13-37
106            <intent-filter>
106-->[androidx.glance:glance-appwidget:1.0.0-alpha05] AndroidManifest.xml:44:13-46:29
107                <action android:name="android.intent.action.MY_PACKAGE_REPLACED" />
107-->[androidx.glance:glance-appwidget:1.0.0-alpha05] AndroidManifest.xml:45:17-84
107-->[androidx.glance:glance-appwidget:1.0.0-alpha05] AndroidManifest.xml:45:25-81
108            </intent-filter>
109        </receiver>
110
111        <provider
111-->[androidx.emoji2:emoji2:1.2.0] AndroidManifest.xml:24:9-32:20
112            android:name="androidx.startup.InitializationProvider"
112-->[androidx.emoji2:emoji2:1.2.0] AndroidManifest.xml:25:13-67
113            android:authorities="com.nttdata.nytimesapp.androidx-startup"
113-->[androidx.emoji2:emoji2:1.2.0] AndroidManifest.xml:26:13-68
114            android:exported="false" >
114-->[androidx.emoji2:emoji2:1.2.0] AndroidManifest.xml:27:13-37
115            <meta-data
115-->[androidx.emoji2:emoji2:1.2.0] AndroidManifest.xml:29:13-31:52
116                android:name="androidx.emoji2.text.EmojiCompatInitializer"
116-->[androidx.emoji2:emoji2:1.2.0] AndroidManifest.xml:30:17-75
117                android:value="androidx.startup" />
117-->[androidx.emoji2:emoji2:1.2.0] AndroidManifest.xml:31:17-49
118            <meta-data
118-->[androidx.lifecycle:lifecycle-process:2.4.1] AndroidManifest.xml:31:13-33:52
119                android:name="androidx.lifecycle.ProcessLifecycleInitializer"
119-->[androidx.lifecycle:lifecycle-process:2.4.1] AndroidManifest.xml:32:17-78
120                android:value="androidx.startup" />
120-->[androidx.lifecycle:lifecycle-process:2.4.1] AndroidManifest.xml:33:17-49
121            <meta-data
121-->[androidx.profileinstaller:profileinstaller:1.2.0] AndroidManifest.xml:30:13-32:52
122                android:name="androidx.profileinstaller.ProfileInstallerInitializer"
122-->[androidx.profileinstaller:profileinstaller:1.2.0] AndroidManifest.xml:31:17-85
123                android:value="androidx.startup" />
123-->[androidx.profileinstaller:profileinstaller:1.2.0] AndroidManifest.xml:32:17-49
124        </provider>
125
126        <service
126-->[androidx.core:core-remoteviews:1.0.0-beta03] AndroidManifest.xml:24:9-27:63
127            android:name="androidx.core.widget.RemoteViewsCompatService"
127-->[androidx.core:core-remoteviews:1.0.0-beta03] AndroidManifest.xml:25:13-73
128            android:permission="android.permission.BIND_REMOTEVIEWS" />
128-->[androidx.core:core-remoteviews:1.0.0-beta03] AndroidManifest.xml:26:13-69
129
130        <receiver
130-->[androidx.profileinstaller:profileinstaller:1.2.0] AndroidManifest.xml:35:9-47:20
131            android:name="androidx.profileinstaller.ProfileInstallReceiver"
131-->[androidx.profileinstaller:profileinstaller:1.2.0] AndroidManifest.xml:36:13-76
132            android:directBootAware="false"
132-->[androidx.profileinstaller:profileinstaller:1.2.0] AndroidManifest.xml:37:13-44
133            android:enabled="true"
133-->[androidx.profileinstaller:profileinstaller:1.2.0] AndroidManifest.xml:38:13-35
134            android:exported="true"
134-->[androidx.profileinstaller:profileinstaller:1.2.0] AndroidManifest.xml:39:13-36
135            android:permission="android.permission.DUMP" >
135-->[androidx.profileinstaller:profileinstaller:1.2.0] AndroidManifest.xml:40:13-57
136            <intent-filter>
136-->[androidx.profileinstaller:profileinstaller:1.2.0] AndroidManifest.xml:41:13-43:29
137                <action android:name="androidx.profileinstaller.action.INSTALL_PROFILE" />
137-->[androidx.profileinstaller:profileinstaller:1.2.0] AndroidManifest.xml:42:17-91
137-->[androidx.profileinstaller:profileinstaller:1.2.0] AndroidManifest.xml:42:25-88
138            </intent-filter>
139            <intent-filter>
139-->[androidx.profileinstaller:profileinstaller:1.2.0] AndroidManifest.xml:44:13-46:29
140                <action android:name="androidx.profileinstaller.action.SKIP_FILE" />
140-->[androidx.profileinstaller:profileinstaller:1.2.0] AndroidManifest.xml:45:17-85
140-->[androidx.profileinstaller:profileinstaller:1.2.0] AndroidManifest.xml:45:25-82
141            </intent-filter>
142        </receiver>
143    </application>
144
145</manifest>